This file contains any messages produced by compilers while
running configure, to aid debugging if configure makes a mistake.

It was created by GNU Awk Bundled Extensions configure 4.1.4, which was
generated by GNU Autoconf 2.69.  Invocation command line was

  $ ./configure --disable-option-checking --prefix=/usr/local --cache-file=/dev/null --srcdir=.

## --------- ##
## Platform. ##
## --------- ##

hostname = ninjaunix-VirtualBox
uname -m = x86_64
uname -r = 4.8.0-52-generic
uname -s = Linux
uname -v = #55~16.04.1-Ubuntu SMP Fri Apr 28 14:36:29 UTC 2017

/usr/bin/uname -p = unknown
/bin/uname -X     = unknown

/bin/arch              = unknown
/usr/bin/arch -k       = unknown
/usr/convex/getsysinfo = unknown
/usr/bin/hostinfo      = unknown
/bin/machine           = unknown
/usr/bin/oslevel       = unknown
/bin/universe          = unknown

PATH: /home/ninjaunix/bin
PATH: /home/ninjaunix/.local/bin
PATH: /usr/local/sbin
PATH: /usr/local/bin
PATH: /usr/sbin
PATH: /usr/bin
PATH: /sbin
PATH: /bin
PATH: /usr/games
PATH: /usr/local/games
PATH: /snap/bin


## ----------- ##
## Core tests. ##
## ----------- ##

configure:2415: checking for gcc
configure:2431: found /usr/bin/gcc
configure:2442: result: gcc
configure:2671: checking for C compiler version
configure:2680: gcc --version >&5
gcc (Ubuntu 5.4.0-6ubuntu1~16.04.4) 5.4.0 20160609
Copyright (C) 2015 Free Software Foundation, Inc.
This is free software; see the source for copying conditions.  There is NO
warranty; not even for MERCHANTABILITY or FITNESS FOR A PARTICULAR PURPOSE.

configure:2691: $? = 0
configure:2680: gcc -v >&5
Using built-in specs.
COLLECT_GCC=gcc
COLLECT_LTO_WRAPPER=/usr/lib/gcc/x86_64-linux-gnu/5/lto-wrapper
Target: x86_64-linux-gnu
Configured with: ../src/configure -v --with-pkgversion='Ubuntu 5.4.0-6ubuntu1~16.04.4' --with-bugurl=file:///usr/share/doc/gcc-5/README.Bugs --enable-languages=c,ada,c++,java,go,d,fortran,objc,obj-c++ --prefix=/usr --program-suffix=-5 --enable-shared --enable-linker-build-id --libexecdir=/usr/lib --without-included-gettext --enable-threads=posix --libdir=/usr/lib --enable-nls --with-sysroot=/ --enable-clocale=gnu --enable-libstdcxx-debug --enable-libstdcxx-time=yes --with-default-libstdcxx-abi=new --enable-gnu-unique-object --disable-vtable-verify --enable-libmpx --enable-plugin --with-system-zlib --disable-browser-plugin --enable-java-awt=gtk --enable-gtk-cairo --with-java-home=/usr/lib/jvm/java-1.5.0-gcj-5-amd64/jre --enable-java-home --with-jvm-root-dir=/usr/lib/jvm/java-1.5.0-gcj-5-amd64 --with-jvm-jar-dir=/usr/lib/jvm-exports/java-1.5.0-gcj-5-amd64 --with-arch-directory=amd64 --with-ecj-jar=/usr/share/java/eclipse-ecj.jar --enable-objc-gc --enable-multiarch --disable-werror --with-arch-32=i686 --with-abi=m64 --with-multilib-list=m32,m64,mx32 --enable-multilib --with-tune=generic --enable-checking=release --build=x86_64-linux-gnu --host=x86_64-linux-gnu --target=x86_64-linux-gnu
Thread model: posix
gcc version 5.4.0 20160609 (Ubuntu 5.4.0-6ubuntu1~16.04.4) 
configure:2691: $? = 0
configure:2680: gcc -V >&5
gcc: error: unrecognized command line option '-V'
gcc: fatal error: no input files
compilation terminated.
configure:2691: $? = 1
configure:2680: gcc -qversion >&5
gcc: error: unrecognized command line option '-qversion'
gcc: fatal error: no input files
compilation terminated.
configure:2691: $? = 1
configure:2711: checking whether the C compiler works
configure:2733: gcc    conftest.c  >&5
configure:2737: $? = 0
configure:2785: result: yes
configure:2788: checking for C compiler default output file name
configure:2790: result: a.out
configure:2796: checking for suffix of executables
configure:2803: gcc -o conftest    conftest.c  >&5
configure:2807: $? = 0
configure:2829: result: 
configure:2851: checking whether we are cross compiling
configure:2859: gcc -o conftest    conftest.c  >&5
configure:2863: $? = 0
configure:2870: ./conftest
configure:2874: $? = 0
configure:2889: result: no
configure:2894: checking for suffix of object files
configure:2916: gcc -c   conftest.c >&5
configure:2920: $? = 0
configure:2941: result: o
configure:2945: checking whether we are using the GNU C compiler
configure:2964: gcc -c   conftest.c >&5
configure:2964: $? = 0
configure:2973: result: yes
configure:2982: checking whether gcc accepts -g
configure:3002: gcc -c -g  conftest.c >&5
configure:3002: $? = 0
configure:3043: result: yes
configure:3060: checking for gcc option to accept ISO C89
configure:3123: gcc  -c -g -O2  conftest.c >&5
configure:3123: $? = 0
configure:3136: result: none needed
configure:3161: checking whether gcc understands -c and -o together
configure:3183: gcc -c conftest.c -o conftest2.o
configure:3186: $? = 0
configure:3183: gcc -c conftest.c -o conftest2.o
configure:3186: $? = 0
configure:3198: result: yes
configure:3221: checking how to run the C preprocessor
configure:3252: gcc -E  conftest.c
configure:3252: $? = 0
configure:3266: gcc -E  conftest.c
conftest.c:9:28: fatal error: ac_nonexistent.h: No such file or directory
compilation terminated.
configure:3266: $? = 1
configure: failed program was:
| /* confdefs.h */
| #define PACKAGE_NAME "GNU Awk Bundled Extensions"
| #define PACKAGE_TARNAME "gawk-extensions"
| #define PACKAGE_VERSION "4.1.4"
| #define PACKAGE_STRING "GNU Awk Bundled Extensions 4.1.4"
| #define PACKAGE_BUGREPORT "bug-gawk@gnu.org"
| #define PACKAGE_URL "http://www.gnu.org/software/gawk-extensions/"
| /* end confdefs.h.  */
| #include <ac_nonexistent.h>
configure:3291: result: gcc -E
configure:3311: gcc -E  conftest.c
configure:3311: $? = 0
configure:3325: gcc -E  conftest.c
conftest.c:9:28: fatal error: ac_nonexistent.h: No such file or directory
compilation terminated.
configure:3325: $? = 1
configure: failed program was:
| /* confdefs.h */
| #define PACKAGE_NAME "GNU Awk Bundled Extensions"
| #define PACKAGE_TARNAME "gawk-extensions"
| #define PACKAGE_VERSION "4.1.4"
| #define PACKAGE_STRING "GNU Awk Bundled Extensions 4.1.4"
| #define PACKAGE_BUGREPORT "bug-gawk@gnu.org"
| #define PACKAGE_URL "http://www.gnu.org/software/gawk-extensions/"
| /* end confdefs.h.  */
| #include <ac_nonexistent.h>
configure:3354: checking for grep that handles long lines and -e
configure:3412: result: /bin/grep
configure:3417: checking for egrep
configure:3479: result: /bin/grep -E
configure:3484: checking for ANSI C header files
configure:3504: gcc -c -g -O2  conftest.c >&5
configure:3504: $? = 0
configure:3577: gcc -o conftest -g -O2   conftest.c  >&5
configure:3577: $? = 0
configure:3577: ./conftest
configure:3577: $? = 0
configure:3588: result: yes
configure:3601: checking for sys/types.h
configure:3601: gcc -c -g -O2  conftest.c >&5
configure:3601: $? = 0
configure:3601: result: yes
configure:3601: checking for sys/stat.h
configure:3601: gcc -c -g -O2  conftest.c >&5
configure:3601: $? = 0
configure:3601: result: yes
configure:3601: checking for stdlib.h
configure:3601: gcc -c -g -O2  conftest.c >&5
configure:3601: $? = 0
configure:3601: result: yes
configure:3601: checking for string.h
configure:3601: gcc -c -g -O2  conftest.c >&5
configure:3601: $? = 0
configure:3601: result: yes
configure:3601: checking for memory.h
configure:3601: gcc -c -g -O2  conftest.c >&5
configure:3601: $? = 0
configure:3601: result: yes
configure:3601: checking for strings.h
configure:3601: gcc -c -g -O2  conftest.c >&5
configure:3601: $? = 0
configure:3601: result: yes
configure:3601: checking for inttypes.h
configure:3601: gcc -c -g -O2  conftest.c >&5
configure:3601: $? = 0
configure:3601: result: yes
configure:3601: checking for stdint.h
configure:3601: gcc -c -g -O2  conftest.c >&5
configure:3601: $? = 0
configure:3601: result: yes
configure:3601: checking for unistd.h
configure:3601: gcc -c -g -O2  conftest.c >&5
configure:3601: $? = 0
configure:3601: result: yes
configure:3614: checking minix/config.h usability
configure:3614: gcc -c -g -O2  conftest.c >&5
conftest.c:52:26: fatal error: minix/config.h: No such file or directory
compilation terminated.
configure:3614: $? = 1
configure: failed program was:
| /* confdefs.h */
| #define PACKAGE_NAME "GNU Awk Bundled Extensions"
| #define PACKAGE_TARNAME "gawk-extensions"
| #define PACKAGE_VERSION "4.1.4"
| #define PACKAGE_STRING "GNU Awk Bundled Extensions 4.1.4"
| #define PACKAGE_BUGREPORT "bug-gawk@gnu.org"
| #define PACKAGE_URL "http://www.gnu.org/software/gawk-extensions/"
| #define STDC_HEADERS 1
| #define HAVE_SYS_TYPES_H 1
| #define HAVE_SYS_STAT_H 1
| #define HAVE_STDLIB_H 1
| #define HAVE_STRING_H 1
| #define HAVE_MEMORY_H 1
| #define HAVE_STRINGS_H 1
| #define HAVE_INTTYPES_H 1
| #define HAVE_STDINT_H 1
| #define HAVE_UNISTD_H 1
| /* end confdefs.h.  */
| #include <stdio.h>
| #ifdef HAVE_SYS_TYPES_H
| # include <sys/types.h>
| #endif
| #ifdef HAVE_SYS_STAT_H
| # include <sys/stat.h>
| #endif
| #ifdef STDC_HEADERS
| # include <stdlib.h>
| # include <stddef.h>
| #else
| # ifdef HAVE_STDLIB_H
| #  include <stdlib.h>
| # endif
| #endif
| #ifdef HAVE_STRING_H
| # if !defined STDC_HEADERS && defined HAVE_MEMORY_H
| #  include <memory.h>
| # endif
| # include <string.h>
| #endif
| #ifdef HAVE_STRINGS_H
| # include <strings.h>
| #endif
| #ifdef HAVE_INTTYPES_H
| # include <inttypes.h>
| #endif
| #ifdef HAVE_STDINT_H
| # include <stdint.h>
| #endif
| #ifdef HAVE_UNISTD_H
| # include <unistd.h>
| #endif
| #include <minix/config.h>
configure:3614: result: no
configure:3614: checking minix/config.h presence
configure:3614: gcc -E  conftest.c
conftest.c:19:26: fatal error: minix/config.h: No such file or directory
compilation terminated.
configure:3614: $? = 1
configure: failed program was:
| /* confdefs.h */
| #define PACKAGE_NAME "GNU Awk Bundled Extensions"
| #define PACKAGE_TARNAME "gawk-extensions"
| #define PACKAGE_VERSION "4.1.4"
| #define PACKAGE_STRING "GNU Awk Bundled Extensions 4.1.4"
| #define PACKAGE_BUGREPORT "bug-gawk@gnu.org"
| #define PACKAGE_URL "http://www.gnu.org/software/gawk-extensions/"
| #define STDC_HEADERS 1
| #define HAVE_SYS_TYPES_H 1
| #define HAVE_SYS_STAT_H 1
| #define HAVE_STDLIB_H 1
| #define HAVE_STRING_H 1
| #define HAVE_MEMORY_H 1
| #define HAVE_STRINGS_H 1
| #define HAVE_INTTYPES_H 1
| #define HAVE_STDINT_H 1
| #define HAVE_UNISTD_H 1
| /* end confdefs.h.  */
| #include <minix/config.h>
configure:3614: result: no
configure:3614: checking for minix/config.h
configure:3614: result: no
configure:3635: checking whether it is safe to define __EXTENSIONS__
configure:3653: gcc -c -g -O2  conftest.c >&5
configure:3653: $? = 0
configure:3660: result: yes
configure:3675: checking for z/OS USS compilation
configure:3689: result: no
configure:3787: checking for a BSD-compatible install
configure:3855: result: build-aux/install-sh -c
configure:3866: checking whether build environment is sane
configure:3921: result: yes
configure:4069: checking for a thread-safe mkdir -p
configure:4108: result: /bin/mkdir -p
configure:4115: checking for gawk
configure:4131: found /usr/bin/gawk
configure:4142: result: gawk
configure:4153: checking whether make sets $(MAKE)
configure:4175: result: yes
configure:4205: checking for style of include used by make
configure:4233: result: GNU
configure:4267: checking whether make supports nested variables
configure:4284: result: yes
configure:4369: checking dependency style of gcc
configure:4480: result: gcc3
configure:4539: checking for struct stat.st_blksize
configure:4539: gcc -c -g -O2  conftest.c >&5
configure:4539: $? = 0
configure:4539: result: yes
configure:4599: checking for ar
configure:4615: found /usr/bin/ar
configure:4626: result: ar
configure:4652: checking the archiver (ar) interface
configure:4668: gcc -c -g -O2  conftest.c >&5
configure:4668: $? = 0
configure:4670: ar cru libconftest.a conftest.o >&5
ar: `u' modifier ignored since `D' is the default (see `U')
configure:4673: $? = 0
configure:4701: result: ar
configure:4728: checking for special C compiler options needed for large files
configure:4773: result: no
configure:4779: checking for _FILE_OFFSET_BITS value needed for large files
configure:4804: gcc -c -g -O2  conftest.c >&5
configure:4804: $? = 0
configure:4836: result: no
configure:4981: checking build system type
configure:4995: result: x86_64-pc-linux-gnu
configure:5015: checking host system type
configure:5028: result: x86_64-pc-linux-gnu
configure:5069: checking how to print strings
configure:5096: result: printf
configure:5117: checking for a sed that does not truncate output
configure:5181: result: /bin/sed
configure:5199: checking for fgrep
configure:5261: result: /bin/grep -F
configure:5296: checking for ld used by gcc
configure:5363: result: /usr/bin/ld
configure:5370: checking if the linker (/usr/bin/ld) is GNU ld
configure:5385: result: yes
configure:5397: checking for BSD- or MS-compatible name lister (nm)
configure:5451: result: /usr/bin/nm -B
configure:5581: checking the name lister (/usr/bin/nm -B) interface
configure:5588: gcc -c -g -O2  conftest.c >&5
configure:5591: /usr/bin/nm -B "conftest.o"
configure:5594: output
0000000000000000 B some_variable
configure:5601: result: BSD nm
configure:5604: checking whether ln -s works
configure:5608: result: yes
configure:5616: checking the maximum length of command line arguments
configure:5747: result: 1572864
configure:5795: checking how to convert x86_64-pc-linux-gnu file names to x86_64-pc-linux-gnu format
configure:5835: result: func_convert_file_noop
configure:5842: checking how to convert x86_64-pc-linux-gnu file names to toolchain format
configure:5862: result: func_convert_file_noop
configure:5869: checking for /usr/bin/ld option to reload object files
configure:5876: result: -r
configure:5950: checking for objdump
configure:5966: found /usr/bin/objdump
configure:5977: result: objdump
configure:6009: checking how to recognize dependent libraries
configure:6209: result: pass_all
configure:6294: checking for dlltool
configure:6324: result: no
configure:6354: checking how to associate runtime and link libraries
configure:6381: result: printf %s\n
configure:6505: checking for archiver @FILE support
configure:6522: gcc -c -g -O2  conftest.c >&5
configure:6522: $? = 0
configure:6525: ar cru libconftest.a @conftest.lst >&5
ar: `u' modifier ignored since `D' is the default (see `U')
configure:6528: $? = 0
configure:6533: ar cru libconftest.a @conftest.lst >&5
ar: `u' modifier ignored since `D' is the default (see `U')
ar: conftest.o: No such file or directory
configure:6536: $? = 1
configure:6548: result: @
configure:6606: checking for strip
configure:6622: found /usr/bin/strip
configure:6633: result: strip
configure:6705: checking for ranlib
configure:6721: found /usr/bin/ranlib
configure:6732: result: ranlib
configure:6834: checking command to parse /usr/bin/nm -B output from gcc object
configure:6987: gcc -c -g -O2  conftest.c >&5
configure:6990: $? = 0
configure:6994: /usr/bin/nm -B conftest.o \| sed -n -e 's/^.*[ ]\([ABCDGIRSTW][ABCDGIRSTW]*\)[ ][ ]*\([_A-Za-z][_A-Za-z0-9]*\)$/\1 \2 \2/p' | sed '/ __gnu_lto/d' \> conftest.nm
configure:6997: $? = 0
configure:7063: gcc -o conftest -g -O2   conftest.c conftstm.o >&5
configure:7066: $? = 0
configure:7104: result: ok
configure:7151: checking for sysroot
configure:7181: result: no
configure:7188: checking for a working dd
configure:7226: result: /bin/dd
configure:7230: checking how to truncate binary pipes
configure:7245: result: /bin/dd bs=4096 count=1
configure:7381: gcc -c -g -O2  conftest.c >&5
configure:7384: $? = 0
configure:7574: checking for mt
configure:7590: found /bin/mt
configure:7601: result: mt
configure:7624: checking if mt is a manifest tool
configure:7630: mt '-?'
configure:7638: result: no
configure:8312: checking for dlfcn.h
configure:8312: gcc -c -g -O2  conftest.c >&5
configure:8312: $? = 0
configure:8312: result: yes
configure:8538: checking for objdir
configure:8553: result: .libs
configure:8817: checking if gcc supports -fno-rtti -fno-exceptions
configure:8835: gcc -c -g -O2  -fno-rtti -fno-exceptions conftest.c >&5
cc1: warning: command line option '-fno-rtti' is valid for C++/ObjC++ but not for C
configure:8839: $? = 0
configure:8852: result: no
configure:9210: checking for gcc option to produce PIC
configure:9217: result: -fPIC -DPIC
configure:9225: checking if gcc PIC flag -fPIC -DPIC works
configure:9243: gcc -c -g -O2  -fPIC -DPIC -DPIC conftest.c >&5
configure:9247: $? = 0
configure:9260: result: yes
configure:9289: checking if gcc static flag -static works
configure:9317: result: yes
configure:9332: checking if gcc supports -c -o file.o
configure:9353: gcc -c -g -O2  -o out/conftest2.o conftest.c >&5
configure:9357: $? = 0
configure:9379: result: yes
configure:9387: checking if gcc supports -c -o file.o
configure:9434: result: yes
configure:9467: checking whether the gcc linker (/usr/bin/ld -m elf_x86_64) supports shared libraries
configure:10726: result: yes
configure:10763: checking whether -lc should be explicitly linked in
configure:10771: gcc -c -g -O2  conftest.c >&5
configure:10774: $? = 0
configure:10789: gcc -shared  -fPIC -DPIC conftest.o  -v -Wl,-soname -Wl,conftest -o conftest 2\>\&1 \| /bin/grep  -lc  \>/dev/null 2\>\&1
configure:10792: $? = 0
configure:10806: result: no
configure:10966: checking dynamic linker characteristics
configure:11547: gcc -o conftest -g -O2   -Wl,-rpath -Wl,/foo conftest.c  >&5
configure:11547: $? = 0
configure:11784: result: GNU/Linux ld.so
configure:11906: checking how to hardcode library paths into programs
configure:11931: result: immediate
configure:12479: checking whether stripping libraries is possible
configure:12484: result: yes
configure:12519: checking if libtool supports shared libraries
configure:12521: result: yes
configure:12524: checking whether to build shared libraries
configure:12549: result: yes
configure:12552: checking whether to build static libraries
configure:12556: result: no
configure:12602: checking for special development options
configure:12613: result: no
configure:12620: checking fnmatch.h usability
configure:12620: gcc -c -g -O2 -Wall  conftest.c >&5
configure:12620: $? = 0
configure:12620: result: yes
configure:12620: checking fnmatch.h presence
configure:12620: gcc -E  conftest.c
configure:12620: $? = 0
configure:12620: result: yes
configure:12620: checking for fnmatch.h
configure:12620: result: yes
configure:12620: checking limits.h usability
configure:12620: gcc -c -g -O2 -Wall  conftest.c >&5
configure:12620: $? = 0
configure:12620: result: yes
configure:12620: checking limits.h presence
configure:12620: gcc -E  conftest.c
configure:12620: $? = 0
configure:12620: result: yes
configure:12620: checking for limits.h
configure:12620: result: yes
configure:12620: checking sys/time.h usability
configure:12620: gcc -c -g -O2 -Wall  conftest.c >&5
configure:12620: $? = 0
configure:12620: result: yes
configure:12620: checking sys/time.h presence
configure:12620: gcc -E  conftest.c
configure:12620: $? = 0
configure:12620: result: yes
configure:12620: checking for sys/time.h
configure:12620: result: yes
configure:12620: checking sys/select.h usability
configure:12620: gcc -c -g -O2 -Wall  conftest.c >&5
configure:12620: $? = 0
configure:12620: result: yes
configure:12620: checking sys/select.h presence
configure:12620: gcc -E  conftest.c
configure:12620: $? = 0
configure:12620: result: yes
configure:12620: checking for sys/select.h
configure:12620: result: yes
configure:12620: checking sys/param.h usability
configure:12620: gcc -c -g -O2 -Wall  conftest.c >&5
configure:12620: $? = 0
configure:12620: result: yes
configure:12620: checking sys/param.h presence
configure:12620: gcc -E  conftest.c
configure:12620: $? = 0
configure:12620: result: yes
configure:12620: checking for sys/param.h
configure:12620: result: yes
configure:12620: checking sys/statvfs.h usability
configure:12620: gcc -c -g -O2 -Wall  conftest.c >&5
configure:12620: $? = 0
configure:12620: result: yes
configure:12620: checking sys/statvfs.h presence
configure:12620: gcc -E  conftest.c
configure:12620: $? = 0
configure:12620: result: yes
configure:12620: checking for sys/statvfs.h
configure:12620: result: yes
configure:12633: checking for dirent.h that defines DIR
configure:12652: gcc -c -g -O2 -Wall  conftest.c >&5
configure:12652: $? = 0
configure:12660: result: yes
configure:12673: checking for library containing opendir
configure:12704: gcc -o conftest -g -O2 -Wall   conftest.c  >&5
configure:12704: $? = 0
configure:12721: result: none required
configure:12788: checking whether sys/types.h defines makedev
configure:12804: gcc -o conftest -g -O2 -Wall   conftest.c  >&5
configure:12804: $? = 0
configure:12813: result: yes
configure:12838: checking whether time.h and sys/time.h may both be included
configure:12858: gcc -c -g -O2 -Wall  conftest.c >&5
configure:12858: $? = 0
configure:12865: result: yes
configure:12878: checking for fdopendir
configure:12878: gcc -o conftest -g -O2 -Wall   conftest.c  >&5
configure:12878: $? = 0
configure:12878: result: yes
configure:12878: checking for fnmatch
configure:12878: gcc -o conftest -g -O2 -Wall   conftest.c  >&5
configure:12878: $? = 0
configure:12878: result: yes
configure:12878: checking for gettimeofday
configure:12878: gcc -o conftest -g -O2 -Wall   conftest.c  >&5
configure:12878: $? = 0
configure:12878: result: yes
configure:12878: checking for getdtablesize
configure:12878: gcc -o conftest -g -O2 -Wall   conftest.c  >&5
configure:12878: $? = 0
configure:12878: result: yes
configure:12878: checking for nanosleep
configure:12878: gcc -o conftest -g -O2 -Wall   conftest.c  >&5
configure:12878: $? = 0
configure:12878: result: yes
configure:12878: checking for select
configure:12878: gcc -o conftest -g -O2 -Wall   conftest.c  >&5
configure:12878: $? = 0
configure:12878: result: yes
configure:12878: checking for statvfs
configure:12878: gcc -o conftest -g -O2 -Wall   conftest.c  >&5
configure:12878: $? = 0
configure:12878: result: yes
configure:12878: checking for GetSystemTimeAsFileTime
configure:12878: gcc -o conftest -g -O2 -Wall   conftest.c  >&5
/tmp/ccHX790n.o: In function `main':
/home/ninjaunix/edaf35lab1/project/buddy_gawk-4.1.4/extension/conftest.c:78: undefined reference to `GetSystemTimeAsFileTime'
collect2: error: ld returned 1 exit status
configure:12878: $? = 1
configure: failed program was:
| /* confdefs.h */
| #define PACKAGE_NAME "GNU Awk Bundled Extensions"
| #define PACKAGE_TARNAME "gawk-extensions"
| #define PACKAGE_VERSION "4.1.4"
| #define PACKAGE_STRING "GNU Awk Bundled Extensions 4.1.4"
| #define PACKAGE_BUGREPORT "bug-gawk@gnu.org"
| #define PACKAGE_URL "http://www.gnu.org/software/gawk-extensions/"
| #define STDC_HEADERS 1
| #define HAVE_SYS_TYPES_H 1
| #define HAVE_SYS_STAT_H 1
| #define HAVE_STDLIB_H 1
| #define HAVE_STRING_H 1
| #define HAVE_MEMORY_H 1
| #define HAVE_STRINGS_H 1
| #define HAVE_INTTYPES_H 1
| #define HAVE_STDINT_H 1
| #define HAVE_UNISTD_H 1
| #define __EXTENSIONS__ 1
| #define _ALL_SOURCE 1
| #define _GNU_SOURCE 1
| #define _POSIX_PTHREAD_SEMANTICS 1
| #define _TANDEM_SOURCE 1
| #define PACKAGE "gawk-extensions"
| #define VERSION "4.1.4"
| #define HAVE_STRUCT_STAT_ST_BLKSIZE 1
| #define HAVE_DLFCN_H 1
| #define LT_OBJDIR ".libs/"
| #define HAVE_FNMATCH_H 1
| #define HAVE_LIMITS_H 1
| #define HAVE_SYS_TIME_H 1
| #define HAVE_SYS_SELECT_H 1
| #define HAVE_SYS_PARAM_H 1
| #define HAVE_SYS_STATVFS_H 1
| #define HAVE_DIRENT_H 1
| #define TIME_WITH_SYS_TIME 1
| #define HAVE_FDOPENDIR 1
| #define HAVE_FNMATCH 1
| #define HAVE_GETTIMEOFDAY 1
| #define HAVE_GETDTABLESIZE 1
| #define HAVE_NANOSLEEP 1
| #define HAVE_SELECT 1
| #define HAVE_STATVFS 1
| /* end confdefs.h.  */
| /* Define GetSystemTimeAsFileTime to an innocuous variant, in case <limits.h> declares GetSystemTimeAsFileTime.
|    For example, HP-UX 11i <limits.h> declares gettimeofday.  */
| #define GetSystemTimeAsFileTime innocuous_GetSystemTimeAsFileTime
| 
| /* System header to define __stub macros and hopefully few prototypes,
|     which can conflict with char GetSystemTimeAsFileTime (); below.
|     Prefer <limits.h> to <assert.h> if __STDC__ is defined, since
|     <limits.h> exists even on freestanding compilers.  */
| 
| #ifdef __STDC__
| # include <limits.h>
| #else
| # include <assert.h>
| #endif
| 
| #undef GetSystemTimeAsFileTime
| 
| /* Override any GCC internal prototype to avoid an error.
|    Use char because int might match the return type of a GCC
|    builtin and then its argument prototype would still apply.  */
| #ifdef __cplusplus
| extern "C"
| #endif
| char GetSystemTimeAsFileTime ();
| /* The GNU C library defines this for functions which it implements
|     to always fail with ENOSYS.  Some functions are actually named
|     something starting with __ and the normal name is an alias.  */
| #if defined __stub_GetSystemTimeAsFileTime || defined __stub___GetSystemTimeAsFileTime
| choke me
| #endif
| 
| int
| main ()
| {
| return GetSystemTimeAsFileTime ();
|   ;
|   return 0;
| }
configure:12878: result: no
configure:12894: checking for dirfd
configure:12894: gcc -o conftest -g -O2 -Wall   conftest.c  >&5
configure:12894: $? = 0
configure:12894: result: yes
configure:12903: checking whether dirfd is declared
configure:12903: gcc -c -g -O2 -Wall  conftest.c >&5
configure:12903: $? = 0
configure:12903: result: yes
configure:12920: checking whether dirfd is a macro
configure:12943: result: no
configure:12955: checking how to get the file descriptor associated with an open DIR*
configure:12978: gcc -c -g -O2 -Wall -DDIR_FD_MEMBER_NAME=d_fd  conftest.c >&5
conftest.c: In function 'main':
conftest.c:52:40: error: dereferencing pointer to incomplete type 'DIR {aka struct __dirstream}'
 DIR *dir_p = opendir("."); (void) dir_p->DIR_FD_MEMBER_NAME;
                                        ^
configure:12978: $? = 1
configure: failed program was:
| /* confdefs.h */
| #define PACKAGE_NAME "GNU Awk Bundled Extensions"
| #define PACKAGE_TARNAME "gawk-extensions"
| #define PACKAGE_VERSION "4.1.4"
| #define PACKAGE_STRING "GNU Awk Bundled Extensions 4.1.4"
| #define PACKAGE_BUGREPORT "bug-gawk@gnu.org"
| #define PACKAGE_URL "http://www.gnu.org/software/gawk-extensions/"
| #define STDC_HEADERS 1
| #define HAVE_SYS_TYPES_H 1
| #define HAVE_SYS_STAT_H 1
| #define HAVE_STDLIB_H 1
| #define HAVE_STRING_H 1
| #define HAVE_MEMORY_H 1
| #define HAVE_STRINGS_H 1
| #define HAVE_INTTYPES_H 1
| #define HAVE_STDINT_H 1
| #define HAVE_UNISTD_H 1
| #define __EXTENSIONS__ 1
| #define _ALL_SOURCE 1
| #define _GNU_SOURCE 1
| #define _POSIX_PTHREAD_SEMANTICS 1
| #define _TANDEM_SOURCE 1
| #define PACKAGE "gawk-extensions"
| #define VERSION "4.1.4"
| #define HAVE_STRUCT_STAT_ST_BLKSIZE 1
| #define HAVE_DLFCN_H 1
| #define LT_OBJDIR ".libs/"
| #define HAVE_FNMATCH_H 1
| #define HAVE_LIMITS_H 1
| #define HAVE_SYS_TIME_H 1
| #define HAVE_SYS_SELECT_H 1
| #define HAVE_SYS_PARAM_H 1
| #define HAVE_SYS_STATVFS_H 1
| #define HAVE_DIRENT_H 1
| #define TIME_WITH_SYS_TIME 1
| #define HAVE_FDOPENDIR 1
| #define HAVE_FNMATCH 1
| #define HAVE_GETTIMEOFDAY 1
| #define HAVE_GETDTABLESIZE 1
| #define HAVE_NANOSLEEP 1
| #define HAVE_SELECT 1
| #define HAVE_STATVFS 1
| #define HAVE_DIRFD 1
| #define HAVE_DECL_DIRFD 1
| /* end confdefs.h.  */
| 
|            #include <sys/types.h>
|            #include <dirent.h>
| int
| main ()
| {
| DIR *dir_p = opendir("."); (void) dir_p->DIR_FD_MEMBER_NAME;
|   ;
|   return 0;
| }
configure:12978: gcc -c -g -O2 -Wall -DDIR_FD_MEMBER_NAME=dd_fd  conftest.c >&5
conftest.c: In function 'main':
conftest.c:52:40: error: dereferencing pointer to incomplete type 'DIR {aka struct __dirstream}'
 DIR *dir_p = opendir("."); (void) dir_p->DIR_FD_MEMBER_NAME;
                                        ^
configure:12978: $? = 1
configure: failed program was:
| /* confdefs.h */
| #define PACKAGE_NAME "GNU Awk Bundled Extensions"
| #define PACKAGE_TARNAME "gawk-extensions"
| #define PACKAGE_VERSION "4.1.4"
| #define PACKAGE_STRING "GNU Awk Bundled Extensions 4.1.4"
| #define PACKAGE_BUGREPORT "bug-gawk@gnu.org"
| #define PACKAGE_URL "http://www.gnu.org/software/gawk-extensions/"
| #define STDC_HEADERS 1
| #define HAVE_SYS_TYPES_H 1
| #define HAVE_SYS_STAT_H 1
| #define HAVE_STDLIB_H 1
| #define HAVE_STRING_H 1
| #define HAVE_MEMORY_H 1
| #define HAVE_STRINGS_H 1
| #define HAVE_INTTYPES_H 1
| #define HAVE_STDINT_H 1
| #define HAVE_UNISTD_H 1
| #define __EXTENSIONS__ 1
| #define _ALL_SOURCE 1
| #define _GNU_SOURCE 1
| #define _POSIX_PTHREAD_SEMANTICS 1
| #define _TANDEM_SOURCE 1
| #define PACKAGE "gawk-extensions"
| #define VERSION "4.1.4"
| #define HAVE_STRUCT_STAT_ST_BLKSIZE 1
| #define HAVE_DLFCN_H 1
| #define LT_OBJDIR ".libs/"
| #define HAVE_FNMATCH_H 1
| #define HAVE_LIMITS_H 1
| #define HAVE_SYS_TIME_H 1
| #define HAVE_SYS_SELECT_H 1
| #define HAVE_SYS_PARAM_H 1
| #define HAVE_SYS_STATVFS_H 1
| #define HAVE_DIRENT_H 1
| #define TIME_WITH_SYS_TIME 1
| #define HAVE_FDOPENDIR 1
| #define HAVE_FNMATCH 1
| #define HAVE_GETTIMEOFDAY 1
| #define HAVE_GETDTABLESIZE 1
| #define HAVE_NANOSLEEP 1
| #define HAVE_SELECT 1
| #define HAVE_STATVFS 1
| #define HAVE_DIRFD 1
| #define HAVE_DECL_DIRFD 1
| /* end confdefs.h.  */
| 
|            #include <sys/types.h>
|            #include <dirent.h>
| int
| main ()
| {
| DIR *dir_p = opendir("."); (void) dir_p->DIR_FD_MEMBER_NAME;
|   ;
|   return 0;
| }
configure:12992: result: no_such_member
configure:13004: checking for inline
configure:13020: gcc -c -g -O2 -Wall  conftest.c >&5
configure:13020: $? = 0
configure:13028: result: inline
configure:13162: checking that generated files are newer than configure
configure:13168: result: done
configure:13191: creating ./config.status

## ---------------------- ##
## Running config.status. ##
## ---------------------- ##

This file was extended by GNU Awk Bundled Extensions config.status 4.1.4, which was
generated by GNU Autoconf 2.69.  Invocation command line was

  CONFIG_FILES    = 
  CONFIG_HEADERS  = 
  CONFIG_LINKS    = 
  CONFIG_COMMANDS = 
  $ ./config.status 

on ninjaunix-VirtualBox

config.status:1110: creating Makefile
config.status:1110: creating config.h
config.status:1291: config.h is unchanged
config.status:1339: executing depfiles commands
config.status:1339: executing libtool commands

## ---------------- ##
## Cache variables. ##
## ---------------- ##

ac_cv_build=x86_64-pc-linux-gnu
ac_cv_c_compiler_gnu=yes
ac_cv_c_inline=inline
ac_cv_env_CC_set=
ac_cv_env_CC_value=
ac_cv_env_CFLAGS_set=
ac_cv_env_CFLAGS_value=
ac_cv_env_CPPFLAGS_set=
ac_cv_env_CPPFLAGS_value=
ac_cv_env_CPP_set=
ac_cv_env_CPP_value=
ac_cv_env_LDFLAGS_set=
ac_cv_env_LDFLAGS_value=
ac_cv_env_LIBS_set=
ac_cv_env_LIBS_value=
ac_cv_env_LT_SYS_LIBRARY_PATH_set=
ac_cv_env_LT_SYS_LIBRARY_PATH_value=
ac_cv_env_build_alias_set=
ac_cv_env_build_alias_value=
ac_cv_env_host_alias_set=
ac_cv_env_host_alias_value=
ac_cv_env_target_alias_set=
ac_cv_env_target_alias_value=
ac_cv_func_GetSystemTimeAsFileTime=no
ac_cv_func_dirfd=yes
ac_cv_func_fdopendir=yes
ac_cv_func_fnmatch=yes
ac_cv_func_getdtablesize=yes
ac_cv_func_gettimeofday=yes
ac_cv_func_nanosleep=yes
ac_cv_func_select=yes
ac_cv_func_statvfs=yes
ac_cv_have_decl_dirfd=yes
ac_cv_header_dirent_dirent_h=yes
ac_cv_header_dlfcn_h=yes
ac_cv_header_fnmatch_h=yes
ac_cv_header_inttypes_h=yes
ac_cv_header_limits_h=yes
ac_cv_header_memory_h=yes
ac_cv_header_minix_config_h=no
ac_cv_header_stdc=yes
ac_cv_header_stdint_h=yes
ac_cv_header_stdlib_h=yes
ac_cv_header_string_h=yes
ac_cv_header_strings_h=yes
ac_cv_header_sys_param_h=yes
ac_cv_header_sys_select_h=yes
ac_cv_header_sys_stat_h=yes
ac_cv_header_sys_statvfs_h=yes
ac_cv_header_sys_time_h=yes
ac_cv_header_sys_types_h=yes
ac_cv_header_sys_types_h_makedev=yes
ac_cv_header_time=yes
ac_cv_header_unistd_h=yes
ac_cv_host=x86_64-pc-linux-gnu
ac_cv_member_struct_stat_st_blksize=yes
ac_cv_objext=o
ac_cv_path_EGREP='/bin/grep -E'
ac_cv_path_FGREP='/bin/grep -F'
ac_cv_path_GREP=/bin/grep
ac_cv_path_SED=/bin/sed
ac_cv_path_lt_DD=/bin/dd
ac_cv_path_mkdir=/bin/mkdir
ac_cv_prog_AWK=gawk
ac_cv_prog_CPP='gcc -E'
ac_cv_prog_ac_ct_AR=ar
ac_cv_prog_ac_ct_CC=gcc
ac_cv_prog_ac_ct_MANIFEST_TOOL=mt
ac_cv_prog_ac_ct_OBJDUMP=objdump
ac_cv_prog_ac_ct_RANLIB=ranlib
ac_cv_prog_ac_ct_STRIP=strip
ac_cv_prog_cc_c89=
ac_cv_prog_cc_g=yes
ac_cv_prog_make_make_set=yes
ac_cv_safe_to_define___extensions__=yes
ac_cv_search_opendir='none required'
ac_cv_sys_file_offset_bits=no
ac_cv_sys_largefile_CC=no
ac_cv_zos_uss=no
am_cv_CC_dependencies_compiler_type=gcc3
am_cv_ar_interface=ar
am_cv_make_support_nested_variables=yes
am_cv_prog_cc_c_o=yes
gl_cv_func_dirfd_macro=no
gl_cv_sys_dir_fd_member_name=no_such_member
lt_cv_ar_at_file=@
lt_cv_archive_cmds_need_lc=no
lt_cv_deplibs_check_method=pass_all
lt_cv_file_magic_cmd='$MAGIC_CMD'
lt_cv_file_magic_test_file=
lt_cv_ld_reload_flag=-r
lt_cv_nm_interface='BSD nm'
lt_cv_objdir=.libs
lt_cv_path_LD=/usr/bin/ld
lt_cv_path_NM='/usr/bin/nm -B'
lt_cv_path_mainfest_tool=no
lt_cv_prog_compiler_c_o=yes
lt_cv_prog_compiler_pic='-fPIC -DPIC'
lt_cv_prog_compiler_pic_works=yes
lt_cv_prog_compiler_rtti_exceptions=no
lt_cv_prog_compiler_static_works=yes
lt_cv_prog_gnu_ld=yes
lt_cv_sharedlib_from_linklib_cmd='printf %s\n'
lt_cv_shlibpath_overrides_runpath=no
lt_cv_sys_global_symbol_pipe='sed -n -e '\''s/^.*[	 ]\([ABCDGIRSTW][ABCDGIRSTW]*\)[	 ][	 ]*\([_A-Za-z][_A-Za-z0-9]*\)$/\1 \2 \2/p'\'' | sed '\''/ __gnu_lto/d'\'''
lt_cv_sys_global_symbol_to_c_name_address='sed -n -e '\''s/^: \(.*\) .*$/  {"\1", (void *) 0},/p'\'' -e '\''s/^[ABCDGIRSTW][ABCDGIRSTW]* .* \(.*\)$/  {"\1", (void *) \&\1},/p'\'''
lt_cv_sys_global_symbol_to_c_name_address_lib_prefix='sed -n -e '\''s/^: \(.*\) .*$/  {"\1", (void *) 0},/p'\'' -e '\''s/^[ABCDGIRSTW][ABCDGIRSTW]* .* \(lib.*\)$/  {"\1", (void *) \&\1},/p'\'' -e '\''s/^[ABCDGIRSTW][ABCDGIRSTW]* .* \(.*\)$/  {"lib\1", (void *) \&\1},/p'\'''
lt_cv_sys_global_symbol_to_cdecl='sed -n -e '\''s/^T .* \(.*\)$/extern int \1();/p'\'' -e '\''s/^[ABCDGIRSTW][ABCDGIRSTW]* .* \(.*\)$/extern char \1;/p'\'''
lt_cv_sys_global_symbol_to_import=
lt_cv_sys_max_cmd_len=1572864
lt_cv_to_host_file_cmd=func_convert_file_noop
lt_cv_to_tool_file_cmd=func_convert_file_noop
lt_cv_truncate_bin='/bin/dd bs=4096 count=1'

## ----------------- ##
## Output variables. ##
## ----------------- ##

ACLOCAL='${SHELL} /home/ninjaunix/edaf35lab1/project/buddy_gawk-4.1.4/extension/build-aux/missing aclocal-1.15'
AMDEPBACKSLASH='\'
AMDEP_FALSE='#'
AMDEP_TRUE=''
AMTAR='$${TAR-tar}'
AM_BACKSLASH='\'
AM_DEFAULT_V='$(AM_DEFAULT_VERBOSITY)'
AM_DEFAULT_VERBOSITY='1'
AM_V='$(V)'
AR='ar'
AUTOCONF='${SHELL} /home/ninjaunix/edaf35lab1/project/buddy_gawk-4.1.4/extension/build-aux/missing autoconf'
AUTOHEADER='${SHELL} /home/ninjaunix/edaf35lab1/project/buddy_gawk-4.1.4/extension/build-aux/missing autoheader'
AUTOMAKE='${SHELL} /home/ninjaunix/edaf35lab1/project/buddy_gawk-4.1.4/extension/build-aux/missing automake-1.15'
AWK='gawk'
CC='gcc'
CCDEPMODE='depmode=gcc3'
CFLAGS='-g -O2 -Wall'
CPP='gcc -E'
CPPFLAGS=''
CYGPATH_W='echo'
DEFS='-DHAVE_CONFIG_H'
DEPDIR='.deps'
DLLTOOL='false'
DSYMUTIL=''
DUMPBIN=''
ECHO_C=''
ECHO_N='-n'
ECHO_T=''
EGREP='/bin/grep -E'
EXEEXT=''
FGREP='/bin/grep -F'
GREP='/bin/grep'
INSTALL_DATA='${INSTALL} -m 644'
INSTALL_PROGRAM='${INSTALL}'
INSTALL_SCRIPT='${INSTALL}'
INSTALL_STRIP_PROGRAM='$(install_sh) -c -s'
LD='/usr/bin/ld -m elf_x86_64'
LDFLAGS=''
LIBOBJS=''
LIBS=''
LIBTOOL='$(SHELL) $(top_builddir)/libtool'
LIPO=''
LN_S='ln -s'
LTLIBOBJS=''
LT_SYS_LIBRARY_PATH=''
MAKEINFO='${SHELL} /home/ninjaunix/edaf35lab1/project/buddy_gawk-4.1.4/extension/build-aux/missing makeinfo'
MANIFEST_TOOL=':'
MKDIR_P='/bin/mkdir -p'
NM='/usr/bin/nm -B'
NMEDIT=''
OBJDUMP='objdump'
OBJEXT='o'
OTOOL64=''
OTOOL=''
PACKAGE='gawk-extensions'
PACKAGE_BUGREPORT='bug-gawk@gnu.org'
PACKAGE_NAME='GNU Awk Bundled Extensions'
PACKAGE_STRING='GNU Awk Bundled Extensions 4.1.4'
PACKAGE_TARNAME='gawk-extensions'
PACKAGE_URL='http://www.gnu.org/software/gawk-extensions/'
PACKAGE_VERSION='4.1.4'
PATH_SEPARATOR=':'
RANLIB='ranlib'
SED='/bin/sed'
SET_MAKE=''
SHELL='/bin/bash'
STRIP='strip'
VERSION='4.1.4'
ac_ct_AR='ar'
ac_ct_CC='gcc'
ac_ct_DUMPBIN=''
am__EXEEXT_FALSE=''
am__EXEEXT_TRUE='#'
am__fastdepCC_FALSE='#'
am__fastdepCC_TRUE=''
am__include='include'
am__isrc=''
am__leading_dot='.'
am__nodep='_no'
am__quote=''
am__tar='$${TAR-tar} chof - "$$tardir"'
am__untar='$${TAR-tar} xf -'
bindir='${exec_prefix}/bin'
build='x86_64-pc-linux-gnu'
build_alias=''
build_cpu='x86_64'
build_os='linux-gnu'
build_vendor='pc'
datadir='${datarootdir}'
datarootdir='${prefix}/share'
docdir='${datarootdir}/doc/${PACKAGE_TARNAME}'
dvidir='${docdir}'
exec_prefix='${prefix}'
host='x86_64-pc-linux-gnu'
host_alias=''
host_cpu='x86_64'
host_os='linux-gnu'
host_vendor='pc'
htmldir='${docdir}'
includedir='${prefix}/include'
infodir='${datarootdir}/info'
install_sh='${SHELL} /home/ninjaunix/edaf35lab1/project/buddy_gawk-4.1.4/extension/build-aux/install-sh'
libdir='${exec_prefix}/lib'
libexecdir='${exec_prefix}/libexec'
localedir='${datarootdir}/locale'
localstatedir='${prefix}/var'
mandir='${datarootdir}/man'
mkdir_p='$(MKDIR_P)'
oldincludedir='/usr/include'
pdfdir='${docdir}'
pkgextensiondir='${libdir}/gawk'
prefix='/usr/local'
program_transform_name='s,x,x,'
psdir='${docdir}'
runstatedir='${localstatedir}/run'
sbindir='${exec_prefix}/sbin'
sharedstatedir='${prefix}/com'
sysconfdir='${prefix}/etc'
target_alias=''

## ----------- ##
## confdefs.h. ##
## ----------- ##

/* confdefs.h */
#define PACKAGE_NAME "GNU Awk Bundled Extensions"
#define PACKAGE_TARNAME "gawk-extensions"
#define PACKAGE_VERSION "4.1.4"
#define PACKAGE_STRING "GNU Awk Bundled Extensions 4.1.4"
#define PACKAGE_BUGREPORT "bug-gawk@gnu.org"
#define PACKAGE_URL "http://www.gnu.org/software/gawk-extensions/"
#define STDC_HEADERS 1
#define HAVE_SYS_TYPES_H 1
#define HAVE_SYS_STAT_H 1
#define HAVE_STDLIB_H 1
#define HAVE_STRING_H 1
#define HAVE_MEMORY_H 1
#define HAVE_STRINGS_H 1
#define HAVE_INTTYPES_H 1
#define HAVE_STDINT_H 1
#define HAVE_UNISTD_H 1
#define __EXTENSIONS__ 1
#define _ALL_SOURCE 1
#define _GNU_SOURCE 1
#define _POSIX_PTHREAD_SEMANTICS 1
#define _TANDEM_SOURCE 1
#define PACKAGE "gawk-extensions"
#define VERSION "4.1.4"
#define HAVE_STRUCT_STAT_ST_BLKSIZE 1
#define HAVE_DLFCN_H 1
#define LT_OBJDIR ".libs/"
#define HAVE_FNMATCH_H 1
#define HAVE_LIMITS_H 1
#define HAVE_SYS_TIME_H 1
#define HAVE_SYS_SELECT_H 1
#define HAVE_SYS_PARAM_H 1
#define HAVE_SYS_STATVFS_H 1
#define HAVE_DIRENT_H 1
#define TIME_WITH_SYS_TIME 1
#define HAVE_FDOPENDIR 1
#define HAVE_FNMATCH 1
#define HAVE_GETTIMEOFDAY 1
#define HAVE_GETDTABLESIZE 1
#define HAVE_NANOSLEEP 1
#define HAVE_SELECT 1
#define HAVE_STATVFS 1
#define HAVE_DIRFD 1
#define HAVE_DECL_DIRFD 1

configure: exit 0
